[26-Jul-2023 13:40:02] NOTICE: fpm is running, pid 24453
[26-Jul-2023 13:40:02] NOTICE: ready to handle connections
[27-Jul-2023 00:26:31] NOTICE: Terminating ...
[27-Jul-2023 00:26:33] NOTICE: exiting, bye-bye!
[27-Jul-2023 08:55:16] NOTICE: fpm is running, pid 3180
[27-Jul-2023 08:55:16] NOTICE: ready to handle connections
[27-Jul-2023 08:55:35] NOTICE: Terminating ...
[27-Jul-2023 08:55:35] NOTICE: Terminating ...
[27-Jul-2023 08:55:35] NOTICE: exiting, bye-bye!
[27-Jul-2023 08:55:39] NOTICE: fpm is running, pid 3367
[27-Jul-2023 08:55:39] NOTICE: ready to handle connections
[27-Jul-2023 19:00:33] NOTICE: fpm is running, pid 4107
[27-Jul-2023 19:00:33] NOTICE: ready to handle connections
[27-Jul-2023 22:29:46] NOTICE: fpm is running, pid 5089
[27-Jul-2023 22:29:46] NOTICE: ready to handle connections
[27-Jul-2023 22:30:24] NOTICE: Terminating ...
[27-Jul-2023 22:30:24] NOTICE: Terminating ...
[27-Jul-2023 22:30:24] NOTICE: exiting, bye-bye!
[27-Jul-2023 22:30:36] NOTICE: fpm is running, pid 5220
[27-Jul-2023 22:30:36] NOTICE: ready to handle connections
[27-Jul-2023 22:33:30] NOTICE: Terminating ...
[27-Jul-2023 22:33:30] NOTICE: Terminating ...
[27-Jul-2023 22:33:30] NOTICE: exiting, bye-bye!
[27-Jul-2023 22:33:34] NOTICE: fpm is running, pid 6536
[27-Jul-2023 22:33:34] NOTICE: ready to handle connections
[27-Jul-2023 22:36:46] NOTICE: Terminating ...
[27-Jul-2023 22:36:46] NOTICE: Terminating ...
[27-Jul-2023 22:36:46] NOTICE: exiting, bye-bye!
[27-Jul-2023 22:36:48] NOTICE: fpm is running, pid 6872
[27-Jul-2023 22:36:48] NOTICE: ready to handle connections
[27-Jul-2023 23:29:51] NOTICE: Terminating ...
[27-Jul-2023 23:29:52] NOTICE: Terminating ...
[27-Jul-2023 23:29:53] NOTICE: exiting, bye-bye!
[28-Jul-2023 05:20:30] NOTICE: fpm is running, pid 3497
[28-Jul-2023 05:20:30] NOTICE: ready to handle connections
[28-Jul-2023 05:20:52] NOTICE: Terminating ...
[28-Jul-2023 05:20:52] NOTICE: Terminating ...
[28-Jul-2023 05:20:52] NOTICE: exiting, bye-bye!
[28-Jul-2023 05:20:53] NOTICE: fpm is running, pid 3589
[28-Jul-2023 05:20:53] NOTICE: ready to handle connections
[29-Jul-2023 12:46:43] NOTICE: Terminating ...
[29-Jul-2023 12:46:43] NOTICE: Terminating ...
[29-Jul-2023 12:46:43] NOTICE: exiting, bye-bye!
[29-Jul-2023 14:15:05] NOTICE: fpm is running, pid 4597
[29-Jul-2023 14:15:05] NOTICE: ready to handle connections
[29-Jul-2023 14:15:28] NOTICE: Terminating ...
[29-Jul-2023 14:15:28] NOTICE: Terminating ...
[29-Jul-2023 14:15:28] NOTICE: exiting, bye-bye!
[29-Jul-2023 14:15:30] NOTICE: fpm is running, pid 4673
[29-Jul-2023 14:15:30] NOTICE: ready to handle connections
[30-Jul-2023 20:32:12] NOTICE: fpm is running, pid 4864
[30-Jul-2023 20:32:12] NOTICE: ready to handle connections
[30-Jul-2023 20:32:33] NOTICE: Terminating ...
[30-Jul-2023 20:32:33] NOTICE: Terminating ...
[30-Jul-2023 20:32:33] NOTICE: exiting, bye-bye!
[30-Jul-2023 20:32:38] NOTICE: fpm is running, pid 4979
[30-Jul-2023 20:32:38] NOTICE: ready to handle connections
[30-Jul-2023 20:32:49] NOTICE: Terminating ...
[30-Jul-2023 20:32:49] NOTICE: Terminating ...
[30-Jul-2023 20:32:49] NOTICE: exiting, bye-bye!
[30-Jul-2023 20:32:55] NOTICE: fpm is running, pid 5090
[30-Jul-2023 20:32:55] NOTICE: ready to handle connections
[31-Jul-2023 04:54:40] NOTICE: fpm is running, pid 3889
[31-Jul-2023 04:54:40] NOTICE: ready to handle connections
[31-Jul-2023 04:55:12] NOTICE: Terminating ...
[31-Jul-2023 04:55:12] NOTICE: Terminating ...
[31-Jul-2023 04:55:12] NOTICE: exiting, bye-bye!
[31-Jul-2023 04:55:14] NOTICE: fpm is running, pid 3968
[31-Jul-2023 04:55:14] NOTICE: ready to handle connections
[31-Jul-2023 06:27:34] NOTICE: Terminating ...
[31-Jul-2023 06:27:34] NOTICE: Terminating ...
[31-Jul-2023 06:27:34] NOTICE: exiting, bye-bye!
[31-Jul-2023 09:00:55] NOTICE: fpm is running, pid 6791
[31-Jul-2023 09:00:55] NOTICE: ready to handle connections
[31-Jul-2023 09:01:08] NOTICE: Terminating ...
[31-Jul-2023 09:01:08] NOTICE: Terminating ...
[31-Jul-2023 09:01:08] NOTICE: exiting, bye-bye!
[31-Jul-2023 09:01:10] NOTICE: fpm is running, pid 6870
[31-Jul-2023 09:01:10] NOTICE: ready to handle connections
[31-Jul-2023 20:32:05] NOTICE: fpm is running, pid 4377
[31-Jul-2023 20:32:05] NOTICE: ready to handle connections
[31-Jul-2023 20:32:33] NOTICE: Terminating ...
[31-Jul-2023 20:32:33] NOTICE: Terminating ...
[31-Jul-2023 20:32:33] NOTICE: exiting, bye-bye!
[31-Jul-2023 20:32:43] NOTICE: fpm is running, pid 4508
[31-Jul-2023 20:32:43] NOTICE: ready to handle connections
[31-Jul-2023 20:47:35] NOTICE: Terminating ...
[31-Jul-2023 20:47:35] NOTICE: Terminating ...
[31-Jul-2023 20:47:35] NOTICE: exiting, bye-bye!
[31-Jul-2023 20:47:48] NOTICE: fpm is running, pid 5199
[31-Jul-2023 20:47:48] NOTICE: ready to handle connections
[31-Jul-2023 20:48:05] NOTICE: Terminating ...
[31-Jul-2023 20:48:05] NOTICE: Terminating ...
[31-Jul-2023 20:48:05] NOTICE: exiting, bye-bye!
[31-Jul-2023 20:48:11] NOTICE: fpm is running, pid 5270
[31-Jul-2023 20:48:11] NOTICE: ready to handle connections
[31-Jul-2023 21:14:54] NOTICE: Terminating ...
[31-Jul-2023 22:23:21] NOTICE: fpm is running, pid 4340
[31-Jul-2023 22:23:22] NOTICE: ready to handle connections
[31-Jul-2023 22:24:11] NOTICE: Terminating ...
[31-Jul-2023 22:24:11] NOTICE: Terminating ...
[31-Jul-2023 22:24:11] NOTICE: exiting, bye-bye!
[31-Jul-2023 22:24:13] NOTICE: fpm is running, pid 4424
[31-Jul-2023 22:24:13] NOTICE: ready to handle connections
[31-Jul-2023 23:48:13] NOTICE: Terminating ...
[31-Jul-2023 23:48:14] NOTICE: Terminating ...
[31-Jul-2023 23:48:14] NOTICE: exiting, bye-bye!
[01-Aug-2023 08:09:05] NOTICE: fpm is running, pid 2973
[01-Aug-2023 08:09:05] NOTICE: ready to handle connections
[01-Aug-2023 08:09:22] NOTICE: Terminating ...
[01-Aug-2023 08:09:22] NOTICE: Terminating ...
[01-Aug-2023 08:09:22] NOTICE: exiting, bye-bye!
[01-Aug-2023 08:09:24] NOTICE: fpm is running, pid 3052
[01-Aug-2023 08:09:24] NOTICE: ready to handle connections
[02-Aug-2023 00:41:36] NOTICE: Terminating ...
[02-Aug-2023 00:41:37] NOTICE: exiting, bye-bye!
[02-Aug-2023 08:12:10] NOTICE: fpm is running, pid 5016
[02-Aug-2023 08:12:10] NOTICE: ready to handle connections
[02-Aug-2023 08:12:40] NOTICE: Terminating ...
[02-Aug-2023 08:12:40] NOTICE: Terminating ...
[02-Aug-2023 08:12:40] NOTICE: exiting, bye-bye!
[02-Aug-2023 08:12:43] NOTICE: fpm is running, pid 5095
[02-Aug-2023 08:12:43] NOTICE: ready to handle connections
[02-Aug-2023 08:13:43] NOTICE: Terminating ...
[02-Aug-2023 08:13:43] NOTICE: Terminating ...
[02-Aug-2023 08:13:43] NOTICE: exiting, bye-bye!
[02-Aug-2023 08:13:45] NOTICE: fpm is running, pid 5173
[02-Aug-2023 08:13:45] NOTICE: ready to handle connections
[02-Aug-2023 11:26:53] NOTICE: Terminating ...
[02-Aug-2023 11:26:53] NOTICE: Terminating ...
[02-Aug-2023 11:26:53] NOTICE: exiting, bye-bye!
[02-Aug-2023 11:27:30] NOTICE: fpm is running, pid 17051
[02-Aug-2023 11:27:30] NOTICE: ready to handle connections
[02-Aug-2023 15:33:03] NOTICE: Terminating ...
[02-Aug-2023 15:33:03] NOTICE: Terminating ...
[02-Aug-2023 15:33:03] NOTICE: exiting, bye-bye!
[02-Aug-2023 15:33:31] NOTICE: fpm is running, pid 23445
[02-Aug-2023 15:33:31] NOTICE: ready to handle connections
[02-Aug-2023 18:54:36] NOTICE: Terminating ...
[02-Aug-2023 18:54:36] NOTICE: Terminating ...
[02-Aug-2023 18:54:36] NOTICE: exiting, bye-bye!
[02-Aug-2023 19:13:04] NOTICE: fpm is running, pid 3804
[02-Aug-2023 19:13:04] NOTICE: ready to handle connections
[02-Aug-2023 19:13:26] NOTICE: Terminating ...
[02-Aug-2023 19:13:26] NOTICE: Terminating ...
[02-Aug-2023 19:13:26] NOTICE: exiting, bye-bye!
[02-Aug-2023 19:13:28] NOTICE: fpm is running, pid 3889
[02-Aug-2023 19:13:28] NOTICE: ready to handle connections
[03-Aug-2023 06:34:53] NOTICE: Terminating ...
[03-Aug-2023 06:34:53] NOTICE: Terminating ...
[03-Aug-2023 06:34:53] NOTICE: exiting, bye-bye!
[03-Aug-2023 06:43:09] NOTICE: fpm is running, pid 2932
[03-Aug-2023 06:43:09] NOTICE: ready to handle connections
[03-Aug-2023 06:43:26] NOTICE: Terminating ...
[03-Aug-2023 06:43:26] NOTICE: Terminating ...
[03-Aug-2023 06:43:26] NOTICE: exiting, bye-bye!
[03-Aug-2023 06:43:28] NOTICE: fpm is running, pid 3014
[03-Aug-2023 06:43:28] NOTICE: ready to handle connections
[03-Aug-2023 11:22:43] NOTICE: Terminating ...
[03-Aug-2023 11:22:43] NOTICE: Terminating ...
[03-Aug-2023 11:22:43] NOTICE: exiting, bye-bye!
[04-Aug-2023 11:22:59] NOTICE: fpm is running, pid 7350
[04-Aug-2023 11:22:59] NOTICE: ready to handle connections
[04-Aug-2023 11:23:16] NOTICE: Terminating ...
[04-Aug-2023 11:23:16] NOTICE: Terminating ...
[04-Aug-2023 11:23:16] NOTICE: exiting, bye-bye!
[04-Aug-2023 11:23:19] NOTICE: fpm is running, pid 7419
[04-Aug-2023 11:23:19] NOTICE: ready to handle connections
